#
# There is insufficient memory for the Java Runtime Environment to continue.
# Native memory allocation (malloc) failed to allocate 1150736 bytes for Chunk::new
# Possible reasons:
#   The system is out of physical RAM or swap space
#   The process is running with CompressedOops enabled, and the Java Heap may be blocking the growth of the native heap
# Possible solutions:
#   Reduce memory load on the system
#   Increase physical memory or swap space
#   Check if swap backing store is full
#   Decrease Java heap size (-Xmx/-Xms)
#   Decrease number of Java threads
#   Decrease Java thread stack sizes (-Xss)
#   Set larger code cache with -XX:ReservedCodeCacheSize=
#   JVM is running with Unscaled Compressed Oops mode in which the Java heap is
#     placed in the first 4GB address space. The Java Heap base address is the
#     maximum limit for the native heap growth. Please use -XX:HeapBaseMinAddress
#     to set the Java Heap base and to place the Java Heap above 4GB virtual address.
# This output file may be truncated or incomplete.
#
#  Out of Memory Error (./open/src/hotspot/share/memory/arena.cpp:195), pid=16284, tid=11220
#
# JRE version: OpenJDK Runtime Environment (15.0.2+7) (build 15.0.2+7-27)
# Java VM: OpenJDK 64-Bit Server VM (15.0.2+7-27, mixed mode, sharing, tiered, compressed oops, g1 gc, windows-amd64)
# No core dump will be written. Minidumps are not enabled by default on client versions of Windows
#

---------------  S U M M A R Y ------------

Command Line: -Dmaven.multiModuleProjectDirectory=C:\Users\ibrahim\Downloads\LeasePlan - assignment_v2\leaseplan-example -Dmaven.home=C:\Program Files\JetBrains\IntelliJ IDEA Community Edition 2020.3.1\plugins\maven\lib\maven3 -Dclassworlds.conf=C:\Program Files\JetBrains\IntelliJ IDEA Community Edition 2020.3.1\plugins\maven\lib\maven3\bin\m2.conf -Dmaven.ext.class.path=C:\Program Files\JetBrains\IntelliJ IDEA Community Edition 2020.3.1\plugins\maven\lib\maven-event-listener.jar -javaagent:C:\Program Files\JetBrains\IntelliJ IDEA Community Edition 2020.3.1\lib\idea_rt.jar=59406:C:\Program Files\JetBrains\IntelliJ IDEA Community Edition 2020.3.1\bin -Dfile.encoding=UTF-8 org.codehaus.classworlds.Launcher -Didea.version=2020.3.2 test

Host: Intel(R) Core(TM) i5-4210U CPU @ 1.70GHz, 4 cores, 3G,  Windows 10 , 64 bit Build 19041 (10.0.19041.2546)
Time: Sat Apr  1 16:35:22 2023 GMT Summer Time elapsed time: 113.585081 seconds (0d 0h 1m 53s)

---------------  T H R E A D  ---------------

Current thread (0x00000270313a0db0):  JavaThread "C2 CompilerThread0" daemon [_thread_in_native, id=11220, stack(0x000000b2eeb00000,0x000000b2eec00000)]


Current CompileTask:
C2: 113587 4326       4       org.eclipse.sisu.inject.LocatedBeans$Itr::hasNext (161 bytes)

Stack: [0x000000b2eeb00000,0x000000b2eec00000]
Native frames: (J=compiled Java code, j=interpreted, Vv=VM code, C=native code)
V  [jvm.dll+0x62ae9a]
V  [jvm.dll+0x7817a9]
V  [jvm.dll+0x782f03]
V  [jvm.dll+0x783563]
V  [jvm.dll+0x216325]
V  [jvm.dll+0x97f3a]
V  [jvm.dll+0x9861c]
V  [jvm.dll+0x32e2a8]
V  [jvm.dll+0x2f768a]
V  [jvm.dll+0x2f6a4a]
V  [jvm.dll+0x1ea705]
V  [jvm.dll+0x1e996e]
V  [jvm.dll+0x178567]
V  [jvm.dll+0x1f9225]
V  [jvm.dll+0x1f72cc]
V  [jvm.dll+0x74495d]
V  [jvm.dll+0x73d75a]
V  [jvm.dll+0x629c56]
C  [ucrtbase.dll+0x21bb2]
C  [KERNEL32.dll+0x17614]
C  [ntdll.dll+0x526a1]


---------------  P R O C E S S  ---------------

Threads class SMR info:
_java_thread_list=0x00000270316415f0, length=12, elements={
0x0000027014f48fb0, 0x000002703137cf20, 0x000002703137e290, 0x00000270313952b0,
0x0000027031397c80, 0x000002703139de00, 0x00000270313a0db0, 0x00000270313ab490,
0x00000270314147d0, 0x000002703135e9b0, 0x00000270316513b0, 0x0000027031651d00
}

Java Threads: ( => current thread )
  0x0000027014f48fb0 JavaThread "main" [_thread_in_native, id=15764, stack(0x000000b2edf00000,0x000000b2ee000000)]
  0x000002703137cf20 JavaThread "Reference Handler" daemon [_thread_blocked, id=15656, stack(0x000000b2ee600000,0x000000b2ee700000)]
  0x000002703137e290 JavaThread "Finalizer" daemon [_thread_blocked, id=14944, stack(0x000000b2ee700000,0x000000b2ee800000)]
  0x00000270313952b0 JavaThread "Signal Dispatcher" daemon [_thread_blocked, id=15460, stack(0x000000b2ee800000,0x000000b2ee900000)]
  0x0000027031397c80 JavaThread "Attach Listener" daemon [_thread_blocked, id=8128, stack(0x000000b2ee900000,0x000000b2eea00000)]
  0x000002703139de00 JavaThread "Service Thread" daemon [_thread_blocked, id=4052, stack(0x000000b2eea00000,0x000000b2eeb00000)]
=>0x00000270313a0db0 JavaThread "C2 CompilerThread0" daemon [_thread_in_native, id=11220, stack(0x000000b2eeb00000,0x000000b2eec00000)]
  0x00000270313ab490 JavaThread "C1 CompilerThread0" daemon [_thread_blocked, id=10304, stack(0x000000b2eec00000,0x000000b2eed00000)]
  0x00000270314147d0 JavaThread "Sweeper thread" daemon [_thread_blocked, id=16292, stack(0x000000b2eed00000,0x000000b2eee00000)]
  0x000002703135e9b0 JavaThread "Common-Cleaner" daemon [_thread_blocked, id=7764, stack(0x000000b2eee00000,0x000000b2eef00000)]
  0x00000270316513b0 JavaThread "Monitor Ctrl-Break" daemon [_thread_in_native, id=8944, stack(0x000000b2eef00000,0x000000b2ef000000)]
  0x0000027031651d00 JavaThread "Notification Thread" daemon [_thread_blocked, id=10336, stack(0x000000b2ef000000,0x000000b2ef100000)]

Other Threads:
  0x0000027031376ee0 VMThread "VM Thread" [stack: 0x000000b2ee500000,0x000000b2ee600000] [id=11876]
  0x00000270316521d0 WatcherThread [stack: 0x000000b2ef100000,0x000000b2ef200000] [id=248]
  0x0000027014f77ed0 GCTaskThread "GC Thread#0" [stack: 0x000000b2ee000000,0x000000b2ee100000] [id=7972]
  0x0000027031cfb200 GCTaskThread "GC Thread#1" [stack: 0x000000b2ef200000,0x000000b2ef300000] [id=16884]
  0x0000027014f80de0 ConcurrentGCThread "G1 Main Marker" [stack: 0x000000b2ee100000,0x000000b2ee200000] [id=13888]
  0x0000027014f82170 ConcurrentGCThread "G1 Conc#0" [stack: 0x000000b2ee200000,0x000000b2ee300000] [id=14788]
  0x0000027014fd2c80 ConcurrentGCThread "G1 Refine#0" [stack: 0x000000b2ee300000,0x000000b2ee400000] [id=7748]
  0x000002703193c630 ConcurrentGCThread "G1 Refine#1" [stack: 0x000000b2ef300000,0x000000b2ef400000] [id=14508]
  0x0000027014fd3880 ConcurrentGCThread "G1 Young RemSet Sampling" [stack: 0x000000b2ee400000,0x000000b2ee500000] [id=17492]

Threads with active compile tasks:
C2 CompilerThread0   113776 4326       4       org.eclipse.sisu.inject.LocatedBeans$Itr::hasNext (161 bytes)

VM state: not at safepoint (normal execution)

VM Mutex/Monitor currently owned by a thread: None

Heap address: 0x00000000c1200000, size: 1006 MB, Compressed Oops mode: 32-bit
CDS archive(s) mapped at: [0x0000000800000000-0x0000000800b50000-0x0000000800b50000), size 11862016, SharedBaseAddress: 0x0000000800000000, ArchiveRelocationMode: 0.
Compressed class space mapped at: 0x0000000800b50000-0x0000000840b50000, size: 1073741824
Narrow klass base: 0x0000000800000000, Narrow klass shift: 3, Narrow klass range: 0x100000000

GC Precious Log:
 CPUs: 4 total, 4 available
 Memory: 4017M
 Large Page Support: Disabled
 NUMA Support: Disabled
 Compressed Oops: Enabled (32-bit)
 Heap Region Size: 1M
 Heap Min Capacity: 8M
 Heap Initial Capacity: 64M
 Heap Max Capacity: 1006M
 Pre-touch: Disabled
 Parallel Workers: 4
 Concurrent Workers: 1
 Concurrent Refinement Workers: 4
 Periodic GC: Disabled

Heap:
 garbage-first heap   total 65536K, used 46124K [0x00000000c1200000, 0x0000000100000000)
  region size 1024K, 37 young (37888K), 4 survivors (4096K)
 Metaspace       used 15827K, capacity 16293K, committed 16512K, reserved 1064960K
  class space    used 1651K, capacity 1807K, committed 1920K, reserved 1048576K

Heap Regions: E=young(eden), S=young(survivor), O=old, HS=humongous(starts), HC=humongous(continues), CS=collection set, F=free, OA=open archive, CA=closed archive, TAMS=top-at-mark-start (previous, next)
|   0|0x00000000c1200000, 0x00000000c1300000, 0x00000000c1300000|100%| O|  |TAMS 0x00000000c1200000, 0x00000000c1200000| Untracked 
|   1|0x00000000c1300000, 0x00000000c1400000, 0x00000000c1400000|100%| O|  |TAMS 0x00000000c1300000, 0x00000000c1300000| Untracked 
|   2|0x00000000c1400000, 0x00000000c1500000, 0x00000000c1500000|100%| O|  |TAMS 0x00000000c1400000, 0x00000000c1400000| Untracked 
|   3|0x00000000c1500000, 0x00000000c1600000, 0x00000000c1600000|100%| O|  |TAMS 0x00000000c1500000, 0x00000000c1500000| Untracked 
|   4|0x00000000c1600000, 0x00000000c1700000, 0x00000000c1700000|100%| O|  |TAMS 0x00000000c1600000, 0x00000000c1600000| Untracked 
|   5|0x00000000c1700000, 0x00000000c1800000, 0x00000000c1800000|100%| O|  |TAMS 0x00000000c1700000, 0x00000000c1700000| Untracked 
|   6|0x00000000c1800000, 0x00000000c1900000, 0x00000000c1900000|100%| O|  |TAMS 0x00000000c1800000, 0x00000000c1800000| Untracked 
|   7|0x00000000c1900000, 0x00000000c1a00000, 0x00000000c1a00000|100%| O|  |TAMS 0x00000000c1900000, 0x00000000c1900000| Untracked 
|   8|0x00000000c1a00000, 0x00000000c1b00000, 0x00000000c1b00000|100%| O|  |TAMS 0x00000000c1a00000, 0x00000000c1a00000| Untracked 
|   9|0x00000000c1b00000, 0x00000000c1b7ca00, 0x00000000c1c00000| 48%| O|  |TAMS 0x00000000c1b00000, 0x00000000c1b00000| Untracked 
|  10|0x00000000c1c00000, 0x00000000c1c00000, 0x00000000c1d00000|  0%| F|  |TAMS 0x00000000c1c00000, 0x00000000c1c00000| Untracked 
|  11|0x00000000c1d00000, 0x00000000c1d00000, 0x00000000c1e00000|  0%| F|  |TAMS 0x00000000c1d00000, 0x00000000c1d00000| Untracked 
|  12|0x00000000c1e00000, 0x00000000c1e00000, 0x00000000c1f00000|  0%| F|  |TAMS 0x00000000c1e00000, 0x00000000c1e00000| Untracked 
|  13|0x00000000c1f00000, 0x00000000c1f00000, 0x00000000c2000000|  0%| F|  |TAMS 0x00000000c1f00000, 0x00000000c1f00000| Untracked 
|  14|0x00000000c2000000, 0x00000000c2000000, 0x00000000c2100000|  0%| F|  |TAMS 0x00000000c2000000, 0x00000000c2000000| Untracked 
|  15|0x00000000c2100000, 0x00000000c2100000, 0x00000000c2200000|  0%| F|  |TAMS 0x00000000c2100000, 0x00000000c2100000| Untracked 
|  16|0x00000000c2200000, 0x00000000c2200000, 0x00000000c2300000|  0%| F|  |TAMS 0x00000000c2200000, 0x00000000c2200000| Untracked 
|  17|0x00000000c2300000, 0x00000000c2300000, 0x00000000c2400000|  0%| F|  |TAMS 0x00000000c2300000, 0x00000000c2300000| Untracked 
|  18|0x00000000c2400000, 0x00000000c2400000, 0x00000000c2500000|  0%| F|  |TAMS 0x00000000c2400000, 0x00000000c2400000| Untracked 
|  19|0x00000000c2500000, 0x00000000c2500000, 0x00000000c2600000|  0%| F|  |TAMS 0x00000000c2500000, 0x00000000c2500000| Untracked 
|  20|0x00000000c2600000, 0x00000000c2600000, 0x00000000c2700000|  0%| F|  |TAMS 0x00000000c2600000, 0x00000000c2600000| Untracked 
|  21|0x00000000c2700000, 0x00000000c2700000, 0x00000000c2800000|  0%| F|  |TAMS 0x00000000c2700000, 0x00000000c2700000| Untracked 
|  22|0x00000000c2800000, 0x00000000c288e9e0, 0x00000000c2900000| 55%| S|CS|TAMS 0x00000000c2800000, 0x00000000c2800000| Complete 
|  23|0x00000000c2900000, 0x00000000c2900000, 0x00000000c2a00000|  0%| F|  |TAMS 0x00000000c2900000, 0x00000000c2900000| Untracked 
|  24|0x00000000c2a00000, 0x00000000c2a00000, 0x00000000c2b00000|  0%| F|  |TAMS 0x00000000c2a00000, 0x00000000c2a00000| Untracked 
|  25|0x00000000c2b00000, 0x00000000c2b00000, 0x00000000c2c00000|  0%| F|  |TAMS 0x00000000c2b00000, 0x00000000c2b00000| Untracked 
|  26|0x00000000c2c00000, 0x00000000c2c00000, 0x00000000c2d00000|  0%| F|  |TAMS 0x00000000c2c00000, 0x00000000c2c00000| Untracked 
|  27|0x00000000c2d00000, 0x00000000c2e00000, 0x00000000c2e00000|100%| S|CS|TAMS 0x00000000c2d00000, 0x00000000c2d00000| Complete 
|  28|0x00000000c2e00000, 0x00000000c2f00000, 0x00000000c2f00000|100%| S|CS|TAMS 0x00000000c2e00000, 0x00000000c2e00000| Complete 
|  29|0x00000000c2f00000, 0x00000000c3000000, 0x00000000c3000000|100%| S|CS|TAMS 0x00000000c2f00000, 0x00000000c2f00000| Complete 
|  30|0x00000000c3000000, 0x00000000c3000000, 0x00000000c3100000|  0%| F|  |TAMS 0x00000000c3000000, 0x00000000c3000000| Untracked 
|  31|0x00000000c3100000, 0x00000000c3180800, 0x00000000c3200000| 50%| E|  |TAMS 0x00000000c3100000, 0x00000000c3100000| Complete 
|  32|0x00000000c3200000, 0x00000000c3300000, 0x00000000c3300000|100%| E|CS|TAMS 0x00000000c3200000, 0x00000000c3200000| Complete 
|  33|0x00000000c3300000, 0x00000000c3400000, 0x00000000c3400000|100%| E|CS|TAMS 0x00000000c3300000, 0x00000000c3300000| Complete 
|  34|0x00000000c3400000, 0x00000000c3500000, 0x00000000c3500000|100%| E|CS|TAMS 0x00000000c3400000, 0x00000000c3400000| Complete 
|  35|0x00000000c3500000, 0x00000000c3600000, 0x00000000c3600000|100%| E|CS|TAMS 0x00000000c3500000, 0x00000000c3500000| Complete 
|  36|0x00000000c3600000, 0x00000000c3700000, 0x00000000c3700000|100%| E|CS|TAMS 0x00000000c3600000, 0x00000000c3600000| Complete 
|  37|0x00000000c3700000, 0x00000000c3800000, 0x00000000c3800000|100%| E|CS|TAMS 0x00000000c3700000, 0x00000000c3700000| Complete 
|  38|0x00000000c3800000, 0x00000000c3900000, 0x00000000c3900000|100%| E|CS|TAMS 0x00000000c3800000, 0x00000000c3800000| Complete 
|  39|0x00000000c3900000, 0x00000000c3a00000, 0x00000000c3a00000|100%| E|CS|TAMS 0x00000000c3900000, 0x00000000c3900000| Complete 
|  40|0x00000000c3a00000, 0x00000000c3b00000, 0x00000000c3b00000|100%| E|CS|TAMS 0x00000000c3a00000, 0x00000000c3a00000| Complete 
|  41|0x00000000c3b00000, 0x00000000c3c00000, 0x00000000c3c00000|100%| E|CS|TAMS 0x00000000c3b00000, 0x00000000c3b00000| Complete 
|  42|0x00000000c3c00000, 0x00000000c3d00000, 0x00000000c3d00000|100%| E|CS|TAMS 0x00000000c3c00000, 0x00000000c3c00000| Complete 
|  43|0x00000000c3d00000, 0x00000000c3e00000, 0x00000000c3e00000|100%| E|CS|TAMS 0x00000000c3d00000, 0x00000000c3d00000| Complete 
|  44|0x00000000c3e00000, 0x00000000c3f00000, 0x00000000c3f00000|100%| E|CS|TAMS 0x00000000c3e00000, 0x00000000c3e00000| Complete 
|  45|0x00000000c3f00000, 0x00000000c4000000, 0x00000000c4000000|100%| E|CS|TAMS 0x00000000c3f00000, 0x00000000c3f00000| Complete 
|  46|0x00000000c4000000, 0x00000000c4100000, 0x00000000c4100000|100%| E|CS|TAMS 0x00000000c4000000, 0x00000000c4000000| Complete 
|  47|0x00000000c4100000, 0x00000000c4200000, 0x00000000c4200000|100%| E|CS|TAMS 0x00000000c4100000, 0x00000000c4100000| Complete 
|  48|0x00000000c4200000, 0x00000000c4300000, 0x00000000c4300000|100%| E|CS|TAMS 0x00000000c4200000, 0x00000000c4200000| Complete 
|  49|0x00000000c4300000, 0x00000000c4400000, 0x00000000c4400000|100%| E|CS|TAMS 0x00000000c4300000, 0x00000000c4300000| Complete 
|  50|0x00000000c4400000, 0x00000000c4500000, 0x00000000c4500000|100%| E|CS|TAMS 0x00000000c4400000, 0x00000000c4400000| Complete 
|  51|0x00000000c4500000, 0x00000000c4600000, 0x00000000c4600000|100%| E|CS|TAMS 0x00000000c4500000, 0x00000000c4500000| Complete 
|  52|0x00000000c4600000, 0x00000000c4700000, 0x00000000c4700000|100%| E|CS|TAMS 0x00000000c4600000, 0x00000000c4600000| Complete 
|  53|0x00000000c4700000, 0x00000000c4800000, 0x00000000c4800000|100%| E|CS|TAMS 0x00000000c4700000, 0x00000000c4700000| Complete 
|  54|0x00000000c4800000, 0x00000000c4900000, 0x00000000c4900000|100%| E|CS|TAMS 0x00000000c4800000, 0x00000000c4800000| Complete 
|  55|0x00000000c4900000, 0x00000000c4a00000, 0x00000000c4a00000|100%| E|CS|TAMS 0x00000000c4900000, 0x00000000c4900000| Complete 
|  56|0x00000000c4a00000, 0x00000000c4b00000, 0x00000000c4b00000|100%| E|CS|TAMS 0x00000000c4a00000, 0x00000000c4a00000| Complete 
|  57|0x00000000c4b00000, 0x00000000c4c00000, 0x00000000c4c00000|100%| E|CS|TAMS 0x00000000c4b00000, 0x00000000c4b00000| Complete 
|  58|0x00000000c4c00000, 0x00000000c4d00000, 0x00000000c4d00000|100%| E|CS|TAMS 0x00000000c4c00000, 0x00000000c4c00000| Complete 
|  59|0x00000000c4d00000, 0x00000000c4e00000, 0x00000000c4e00000|100%| E|CS|TAMS 0x00000000c4d00000, 0x00000000c4d00000| Complete 
|  60|0x00000000c4e00000, 0x00000000c4f00000, 0x00000000c4f00000|100%| E|CS|TAMS 0x00000000c4e00000, 0x00000000c4e00000| Complete 
|  61|0x00000000c4f00000, 0x00000000c5000000, 0x00000000c5000000|100%| E|CS|TAMS 0x00000000c4f00000, 0x00000000c4f00000| Complete 
|  62|0x00000000c5000000, 0x00000000c5100000, 0x00000000c5100000|100%| E|CS|TAMS 0x00000000c5000000, 0x00000000c5000000| Complete 
|  63|0x00000000c5100000, 0x00000000c5200000, 0x00000000c5200000|100%| E|CS|TAMS 0x00000000c5100000, 0x00000000c5100000| Complete 

Card table byte_map: [0x000002702c380000,0x000002702c580000] _byte_map_base: 0x000002702bd77000

Marking Bits (Prev, Next): (CMBitMap*) 0x0000027014f786c0, (CMBitMap*) 0x0000027014f78700
 Prev Bits: [0x000002702c780000, 0x000002702d738000)
 Next Bits: [0x000002702d740000, 0x000002702e6f8000)

Polling page: 0x0000027012ac0000

Metaspace:

Usage:
  Non-class:     14.15 MB capacity,    13.84 MB ( 98%) used,   293.04 KB (  2%) free+waste,    16.62 KB ( <1%) overhead. 
      Class:      1.76 MB capacity,     1.61 MB ( 91%) used,   149.23 KB (  8%) free+waste,     6.44 KB ( <1%) overhead. 
       Both:     15.91 MB capacity,    15.46 MB ( 97%) used,   442.27 KB (  3%) free+waste,    23.06 KB ( <1%) overhead. 

Virtual space:
  Non-class space:       16.00 MB reserved,      14.25 MB ( 89%) committed 
      Class space:        1.00 GB reserved,       1.88 MB ( <1%) committed 
             Both:        1.02 GB reserved,      16.12 MB (  2%) committed 

Chunk freelists:
   Non-Class:  42.00 KB
       Class:  17.00 KB
        Both:  59.00 KB

MaxMetaspaceSize: 17179869184.00 GB
CompressedClassSpaceSize: 1.00 GB

CodeHeap 'non-profiled nmethods': size=120000Kb used=2375Kb max_used=2375Kb free=117624Kb
 bounds [0x0000027024c50000, 0x0000027024ec0000, 0x000002702c180000]
CodeHeap 'profiled nmethods': size=120000Kb used=9401Kb max_used=9401Kb free=110598Kb
 bounds [0x000002701d720000, 0x000002701e050000, 0x0000027024c50000]
CodeHeap 'non-nmethods': size=5760Kb used=1208Kb max_used=1253Kb free=4551Kb
 bounds [0x000002701d180000, 0x000002701d3f0000, 0x000002701d720000]
 total_blobs=4785 nmethods=4309 adapters=387
 compilation: enabled
              stopped_count=0, restarted_count=0
 full_count=0

Compilation events (20 events):
Event: 113.358 Thread 0x00000270313ab490 4322   !   3       org.codehaus.plexus.classworlds.realm.ClassRealm::unsynchronizedLoadClass (19 bytes)
Event: 113.358 Thread 0x00000270313ab490 nmethod 4322 0x000002701e04ab90 code [0x000002701e04ad40, 0x000002701e04af78]
Event: 113.360 Thread 0x00000270313a0db0 nmethod 4316 0x0000027024ea0390 code [0x0000027024ea0540, 0x0000027024ea09c8]
Event: 113.360 Thread 0x00000270313a0db0 4319       4       java.lang.Throwable::<init> (39 bytes)
Event: 113.372 Thread 0x00000270313a0db0 nmethod 4319 0x0000027024ea0c10 code [0x0000027024ea0dc0, 0x0000027024ea1568]
Event: 113.373 Thread 0x00000270313ab490 4323       3       java.lang.StringBuilder::append (9 bytes)
Event: 113.374 Thread 0x00000270313ab490 nmethod 4323 0x000002701e04b090 code [0x000002701e04b260, 0x000002701e04b598]
Event: 113.379 Thread 0x00000270313ab490 4324       3       org.eclipse.aether.DefaultRepositorySystemSession::failIfReadOnly (18 bytes)
Event: 113.379 Thread 0x00000270313ab490 nmethod 4324 0x000002701e04b710 code [0x000002701e04b8c0, 0x000002701e04bae8]
Event: 113.406 Thread 0x00000270313ab490 4325   !   3       org.apache.maven.model.IssueManagement::clone (73 bytes)
Event: 113.408 Thread 0x00000270313ab490 nmethod 4325 0x000002701e04bc10 code [0x000002701e04bec0, 0x000002701e04cb18]
Event: 113.409 Thread 0x00000270313a0db0 4326       4       org.eclipse.sisu.inject.LocatedBeans$Itr::hasNext (161 bytes)
Event: 113.412 Thread 0x00000270313ab490 4327       3       org.eclipse.sisu.inject.RankedBindings$Itr::next (11 bytes)
Event: 113.412 Thread 0x00000270313ab490 nmethod 4327 0x000002701e04d010 code [0x000002701e04d1c0, 0x000002701e04d408]
Event: 113.416 Thread 0x00000270313ab490 4329       3       java.util.HashMap::keysToArray (81 bytes)
Event: 113.417 Thread 0x00000270313ab490 nmethod 4329 0x000002701e04d510 code [0x000002701e04d6e0, 0x000002701e04db98]
Event: 113.545 Thread 0x00000270313ab490 4330       1       org.apache.maven.model.Site::setId (6 bytes)
Event: 113.545 Thread 0x00000270313ab490 nmethod 4330 0x0000027024ea1690 code [0x0000027024ea1820, 0x0000027024ea1918]
Event: 113.546 Thread 0x00000270313ab490 4331       1       org.apache.maven.model.DistributionManagement::setSite (6 bytes)
Event: 113.546 Thread 0x00000270313ab490 nmethod 4331 0x0000027024ea1990 code [0x0000027024ea1b20, 0x0000027024ea1c18]

GC Heap History (14 events):
Event: 9.691 GC heap before
{Heap before GC invocations=0 (full 0):
 garbage-first heap   total 65536K, used 12288K [0x00000000c1200000, 0x0000000100000000)
  region size 1024K, 13 young (13312K), 0 survivors (0K)
 Metaspace       used 4201K, capacity 6255K, committed 6272K, reserved 1056768K
  class space    used 417K, capacity 637K, committed 640K, reserved 1048576K
}
Event: 9.712 GC heap after
{Heap after GC invocations=1 (full 0):
 garbage-first heap   total 65536K, used 3552K [0x00000000c1200000, 0x0000000100000000)
  region size 1024K, 2 young (2048K), 2 survivors (2048K)
 Metaspace       used 4201K, capacity 6255K, committed 6272K, reserved 1056768K
  class space    used 417K, capacity 637K, committed 640K, reserved 1048576K
}
Event: 13.292 GC heap before
{Heap before GC invocations=1 (full 0):
 garbage-first heap   total 65536K, used 14816K [0x00000000c1200000, 0x0000000100000000)
  region size 1024K, 13 young (13312K), 2 survivors (2048K)
 Metaspace       used 6192K, capacity 7730K, committed 7808K, reserved 1056768K
  class space    used 694K, capacity 830K, committed 896K, reserved 1048576K
}
Event: 13.311 GC heap after
{Heap after GC invocations=2 (full 0):
 garbage-first heap   total 65536K, used 4368K [0x00000000c1200000, 0x0000000100000000)
  region size 1024K, 1 young (1024K), 1 survivors (1024K)
 Metaspace       used 6192K, capacity 7730K, committed 7808K, reserved 1056768K
  class space    used 694K, capacity 830K, committed 896K, reserved 1048576K
}
Event: 15.181 GC heap before
{Heap before GC invocations=2 (full 0):
 garbage-first heap   total 65536K, used 27920K [0x00000000c1200000, 0x0000000100000000)
  region size 1024K, 25 young (25600K), 1 survivors (1024K)
 Metaspace       used 9710K, capacity 10984K, committed 11136K, reserved 1058816K
  class space    used 1115K, capacity 1292K, committed 1408K, reserved 1048576K
}
Event: 15.188 GC heap after
{Heap after GC invocations=3 (full 0):
 garbage-first heap   total 65536K, used 5370K [0x00000000c1200000, 0x0000000100000000)
  region size 1024K, 2 young (2048K), 2 survivors (2048K)
 Metaspace       used 9710K, capacity 10984K, committed 11136K, reserved 1058816K
  class space    used 1115K, capacity 1292K, committed 1408K, reserved 1048576K
}
Event: 23.184 GC heap before
{Heap before GC invocations=3 (full 0):
 garbage-first heap   total 65536K, used 42234K [0x00000000c1200000, 0x0000000100000000)
  region size 1024K, 38 young (38912K), 2 survivors (2048K)
 Metaspace       used 13959K, capacity 14670K, committed 14848K, reserved 1062912K
  class space    used 1550K, capacity 1694K, committed 1792K, reserved 1048576K
}
Event: 23.205 GC heap after
{Heap after GC invocations=4 (full 0):
 garbage-first heap   total 65536K, used 8549K [0x00000000c1200000, 0x0000000100000000)
  region size 1024K, 5 young (5120K), 5 survivors (5120K)
 Metaspace       used 13959K, capacity 14670K, committed 14848K, reserved 1062912K
  class space    used 1550K, capacity 1694K, committed 1792K, reserved 1048576K
}
Event: 32.649 GC heap before
{Heap before GC invocations=4 (full 0):
 garbage-first heap   total 65536K, used 42341K [0x00000000c1200000, 0x0000000100000000)
  region size 1024K, 38 young (38912K), 5 survivors (5120K)
 Metaspace       used 14453K, capacity 15059K, committed 15360K, reserved 1062912K
  class space    used 1561K, capacity 1695K, committed 1792K, reserved 1048576K
}
Event: 32.668 GC heap after
{Heap after GC invocations=5 (full 0):
 garbage-first heap   total 65536K, used 10057K [0x00000000c1200000, 0x0000000100000000)
  region size 1024K, 2 young (2048K), 2 survivors (2048K)
 Metaspace       used 14453K, capacity 15059K, committed 15360K, reserved 1062912K
  class space    used 1561K, capacity 1695K, committed 1792K, reserved 1048576K
}
Event: 47.218 GC heap before
{Heap before GC invocations=5 (full 0):
 garbage-first heap   total 65536K, used 45897K [0x00000000c1200000, 0x0000000100000000)
  region size 1024K, 37 young (37888K), 2 survivors (2048K)
 Metaspace       used 14868K, capacity 15400K, committed 15616K, reserved 1062912K
  class space    used 1566K, capacity 1702K, committed 1792K, reserved 1048576K
}
Event: 47.230 GC heap after
{Heap after GC invocations=6 (full 0):
 garbage-first heap   total 65536K, used 11554K [0x00000000c1200000, 0x0000000100000000)
  region size 1024K, 4 young (4096K), 4 survivors (4096K)
 Metaspace       used 14868K, capacity 15400K, committed 15616K, reserved 1062912K
  class space    used 1566K, capacity 1702K, committed 1792K, reserved 1048576K
}
Event: 77.620 GC heap before
{Heap before GC invocations=6 (full 0):
 garbage-first heap   total 65536K, used 46370K [0x00000000c1200000, 0x0000000100000000)
  region size 1024K, 38 young (38912K), 4 survivors (4096K)
 Metaspace       used 15093K, capacity 15597K, committed 15872K, reserved 1062912K
  class space    used 1574K, capacity 1703K, committed 1792K, reserved 1048576K
}
Event: 77.692 GC heap after
{Heap after GC invocations=7 (full 0):
 garbage-first heap   total 65536K, used 13356K [0x00000000c1200000, 0x0000000100000000)
  region size 1024K, 4 young (4096K), 4 survivors (4096K)
 Metaspace       used 15093K, capacity 15597K, committed 15872K, reserved 1062912K
  class space    used 1574K, capacity 1703K, committed 1792K, reserved 1048576K
}

Deoptimization events (20 events):
Event: 113.181 Thread 0x0000027014f48fb0 Uncommon trap: trap_request=0xffffff45 fr.pc=0x0000027024e3a238 relative=0x0000000000000518
Event: 113.181 Thread 0x0000027014f48fb0 Uncommon trap: reason=unstable_if action=reinterpret pc=0x0000027024e3a238 method=java.util.HashMap.keysToArray([Ljava/lang/Object;)[Ljava/lang/Object; @ 9 c2
Event: 113.181 Thread 0x0000027014f48fb0 DEOPT PACKING pc=0x0000027024e3a238 sp=0x000000b2edffc920
Event: 113.181 Thread 0x0000027014f48fb0 DEOPT UNPACKING pc=0x000002701d1ce42f sp=0x000000b2edffc8d8 mode 2
Event: 113.191 Thread 0x0000027014f48fb0 Uncommon trap: trap_request=0xffffff54 fr.pc=0x0000027024d7de40 relative=0x0000000000000320
Event: 113.191 Thread 0x0000027014f48fb0 Uncommon trap: reason=speculate_null_assert action=make_not_entrant pc=0x0000027024d7de40 method=org.eclipse.sisu.inject.RankedBindings$Itr.hasNext()Z @ 80 c2
Event: 113.191 Thread 0x0000027014f48fb0 DEOPT PACKING pc=0x0000027024d7de40 sp=0x000000b2edffdd40
Event: 113.191 Thread 0x0000027014f48fb0 DEOPT UNPACKING pc=0x000002701d1ce42f sp=0x000000b2edffdd08 mode 2
Event: 113.295 Thread 0x0000027014f48fb0 DEOPT PACKING pc=0x000002701d8d1214 sp=0x000000b2edff81b0
Event: 113.295 Thread 0x0000027014f48fb0 DEOPT UNPACKING pc=0x000002701d1ce23f sp=0x000000b2edff75e8 mode 0
Event: 113.295 Thread 0x0000027014f48fb0 DEOPT PACKING pc=0x000002701d861ecc sp=0x000000b2edff8220
Event: 113.295 Thread 0x0000027014f48fb0 DEOPT UNPACKING pc=0x000002701d1ce23f sp=0x000000b2edff76c8 mode 0
Event: 113.339 Thread 0x0000027014f48fb0 Uncommon trap: trap_request=0xffffffde fr.pc=0x0000027024df4ad4 relative=0x0000000000000294
Event: 113.339 Thread 0x0000027014f48fb0 Uncommon trap: reason=class_check action=maybe_recompile pc=0x0000027024df4ad4 method=org.eclipse.sisu.wire.EntryListAdapter$ValueIterator.next()Ljava/lang/Object; @ 4 c2
Event: 113.339 Thread 0x0000027014f48fb0 DEOPT PACKING pc=0x0000027024df4ad4 sp=0x000000b2edffe110
Event: 113.339 Thread 0x0000027014f48fb0 DEOPT UNPACKING pc=0x000002701d1ce42f sp=0x000000b2edffe0e0 mode 2
Event: 113.366 Thread 0x0000027014f48fb0 Uncommon trap: trap_request=0xffffffde fr.pc=0x0000027024df4ad4 relative=0x0000000000000294
Event: 113.366 Thread 0x0000027014f48fb0 Uncommon trap: reason=class_check action=maybe_recompile pc=0x0000027024df4ad4 method=org.eclipse.sisu.wire.EntryListAdapter$ValueIterator.next()Ljava/lang/Object; @ 4 c2
Event: 113.366 Thread 0x0000027014f48fb0 DEOPT PACKING pc=0x0000027024df4ad4 sp=0x000000b2edffe110
Event: 113.366 Thread 0x0000027014f48fb0 DEOPT UNPACKING pc=0x000002701d1ce42f sp=0x000000b2edffe0e0 mode 2

Classes unloaded (0 events):
No events

Classes redefined (0 events):
No events

Internal exceptions (13 events):
Event: 0.700 Thread 0x00000270316513b0 Exception <a 'java/lang/NoSuchMethodError'{0x00000000c50d0ae8}: 'java.lang.Object java.lang.invoke.DirectMethodHandle$Holder.invokeStatic(java.lang.Object)'> (0x00000000c50d0ae8) 
thrown [./open/src/hotspot/share/interpreter/linkResolver.cpp, line 782]
Event: 0.701 Thread 0x00000270316513b0 Exception <a 'java/lang/NoSuchMethodError'{0x00000000c50d43f8}: 'java.lang.Object java.lang.invoke.DirectMethodHandle$Holder.invokeStaticInit(java.lang.Object)'> (0x00000000c50d43f8) 
thrown [./open/src/hotspot/share/interpreter/linkResolver.cpp, line 782]
Event: 0.779 Thread 0x00000270316513b0 Exception <a 'java/lang/NoSuchMethodError'{0x00000000c50e1890}: 'void java.lang.invoke.DirectMethodHandle$Holder.invokeStatic(java.lang.Object, java.lang.Object)'> (0x00000000c50e1890) 
thrown [./open/src/hotspot/share/interpreter/linkResolver.cpp, line 782]
Event: 4.049 Thread 0x0000027014f48fb0 Exception <a 'java/lang/NoSuchMethodError'{0x00000000c4cba010}: 'void java.lang.invoke.DirectMethodHandle$Holder.invokeStaticInit(java.lang.Object, java.lang.Object)'> (0x00000000c4cba010) 
thrown [./open/src/hotspot/share/interpreter/linkResolver.cpp, line 782]
Event: 4.076 Thread 0x0000027014f48fb0 Exception <a 'java/lang/NoSuchMethodError'{0x00000000c4ce7178}: 'java.lang.Object java.lang.invoke.DirectMethodHandle$Holder.invokeStaticInit(java.lang.Object, int, int, int, int)'> (0x00000000c4ce7178) 
thrown [./open/src/hotspot/share/interpreter/linkResolver.cpp, line 782]
Event: 4.756 Thread 0x0000027014f48fb0 Exception <a 'java/lang/NoSuchMethodError'{0x00000000c4b726f8}: 'java.lang.Object java.lang.invoke.DirectMethodHandle$Holder.invokeStaticInit(java.lang.Object, java.lang.Object, int, int, int, int)'> (0x00000000c4b726f8) 
thrown [./open/src/hotspot/share/interpreter/linkResolver.cpp, line 782]
Event: 9.636 Thread 0x0000027014f48fb0 Exception <a 'java/lang/NoSuchMethodError'{0x00000000c4526d68}: 'void java.lang.invoke.DirectMethodHandle$Holder.invokeSpecial(java.lang.Object, java.lang.Object, java.lang.Object)'> (0x00000000c4526d68) 
thrown [./open/src/hotspot/share/interpreter/linkResolver.cpp, line 782]
Event: 10.105 Thread 0x0000027014f48fb0 Exception <a 'java/lang/NoSuchMethodError'{0x00000000c4d90d38}: 'java.lang.Object java.lang.invoke.DirectMethodHandle$Holder.newInvokeSpecial(java.lang.Object, java.lang.Object, java.lang.Object, java.lang.Object, java.lang.Object)'> (0x00000000c4d90d38) 
thrown [./open/src/hotspot/share/interpreter/linkResolver.cpp, line 782]
Event: 17.364 Thread 0x0000027014f48fb0 Exception <a 'java/lang/NoClassDefFoundError'{0x00000000c49633e0}: com/google/inject/servlet/ServletModuleTargetVisitor> (0x00000000c49633e0) 
thrown [./open/src/hotspot/share/classfile/systemDictionary.cpp, line 284]
Event: 17.368 Thread 0x0000027014f48fb0 Exception <a 'java/lang/NoClassDefFoundError'{0x00000000c4965020}: javax/annotation/Priority> (0x00000000c4965020) 
thrown [./open/src/hotspot/share/classfile/systemDictionary.cpp, line 284]
Event: 77.568 Thread 0x0000027014f48fb0 Implicit null exception at 0x0000027024cec10a to 0x0000027024cec490
Event: 77.568 Thread 0x0000027014f48fb0 Implicit null exception at 0x0000027024ceb08a to 0x0000027024ceb3ec
Event: 113.159 Thread 0x0000027014f48fb0 Implicit null exception at 0x0000027024dc7897 to 0x0000027024dc82bc

Events (20 events):
Event: 23.184 Executing VM operation: G1CollectForAllocation
Event: 23.205 Executing VM operation: G1CollectForAllocation done
Event: 26.460 loading class java/util/ComparableTimSort
Event: 26.466 loading class java/util/ComparableTimSort done
Event: 30.642 Executing VM operation: HandshakeAllThreads
Event: 30.642 Executing VM operation: HandshakeAllThreads done
Event: 32.648 Executing VM operation: G1CollectForAllocation
Event: 32.668 Executing VM operation: G1CollectForAllocation done
Event: 47.218 Executing VM operation: G1CollectForAllocation
Event: 47.230 Executing VM operation: G1CollectForAllocation done
Event: 77.616 Executing VM operation: G1CollectForAllocation
Event: 77.693 Executing VM operation: G1CollectForAllocation done
Event: 113.019 loading class java/io/PrintWriter
Event: 113.038 loading class java/io/PrintWriter done
Event: 113.253 loading class java/net/URISyntaxException
Event: 113.255 loading class java/net/URISyntaxException done
Event: 113.294 Executing VM operation: HandshakeAllThreads
Event: 113.294 Executing VM operation: HandshakeAllThreads done
Event: 113.330 loading class jdk/internal/reflect/UnsafeBooleanFieldAccessorImpl
Event: 113.335 loading class jdk/internal/reflect/UnsafeBooleanFieldAccessorImpl done


Dynamic libraries:
0x00007ff6eebb0000 - 0x00007ff6eebbd000 	C:\Users\ibrahim\.jdks\openjdk-15.0.2\bin\java.exe
0x00007ffa44590000 - 0x00007ffa44788000 	C:\WINDOWS\SYSTEM32\ntdll.dll
0x00007ffa441c0000 - 0x00007ffa4427f000 	C:\WINDOWS\System32\KERNEL32.dll
0x00007ffa41980000 - 0x00007ffa41a81000 	C:\Windows\system32\hmpalert.dll
0x00007ffa42280000 - 0x00007ffa42552000 	C:\WINDOWS\System32\KERNELBASE.dll
0x00007ffa420f0000 - 0x00007ffa421f0000 	C:\WINDOWS\System32\ucrtbase.dll
0x00007ffa3b550000 - 0x00007ffa3b568000 	C:\Users\ibrahim\.jdks\openjdk-15.0.2\bin\jli.dll
0x00007ffa43280000 - 0x00007ffa43421000 	C:\WINDOWS\System32\USER32.dll
0x00007ffa41da0000 - 0x00007ffa41dc2000 	C:\WINDOWS\System32\win32u.dll
0x00007ffa43b80000 - 0x00007ffa43bab000 	C:\WINDOWS\System32\GDI32.dll
0x00007ffa41c90000 - 0x00007ffa41d9f000 	C:\WINDOWS\System32\gdi32full.dll
0x00007ffa41e40000 - 0x00007ffa41edd000 	C:\WINDOWS\System32\msvcp_win.dll
0x00007ffa3ac60000 - 0x00007ffa3ac79000 	C:\Users\ibrahim\.jdks\openjdk-15.0.2\bin\VCRUNTIME140.dll
0x00007ffa364d0000 - 0x00007ffa3676a000 	C:\WINDOWS\WinSxS\amd64_microsoft.windows.common-controls_6595b64144ccf1df_6.0.19041.1110_none_60b5254171f9507e\COMCTL32.dll
0x00007ffa42710000 - 0x00007ffa427ae000 	C:\WINDOWS\System32\msvcrt.dll
0x00007ffa42810000 - 0x00007ffa42840000 	C:\WINDOWS\System32\IMM32.DLL
0x00007ffa3ac50000 - 0x00007ffa3ac5c000 	C:\Users\ibrahim\.jdks\openjdk-15.0.2\bin\vcruntime140_1.dll
0x00007ffa28170000 - 0x00007ffa28201000 	C:\Users\ibrahim\.jdks\openjdk-15.0.2\bin\msvcp140.dll
0x00007ffa021c0000 - 0x00007ffa02d1e000 	C:\Users\ibrahim\.jdks\openjdk-15.0.2\bin\server\jvm.dll
0x00007ffa44350000 - 0x00007ffa443fe000 	C:\WINDOWS\System32\ADVAPI32.dll
0x00007ffa43ad0000 - 0x00007ffa43b6c000 	C:\WINDOWS\System32\sechost.dll
0x00007ffa425e0000 - 0x00007ffa42704000 	C:\WINDOWS\System32\RPCRT4.dll
0x00007ffa43b70000 - 0x00007ffa43b78000 	C:\WINDOWS\System32\PSAPI.DLL
0x00007ffa346d0000 - 0x00007ffa346d9000 	C:\WINDOWS\SYSTEM32\WSOCK32.dll
0x00007ffa434c0000 - 0x00007ffa4352b000 	C:\WINDOWS\System32\WS2_32.dll
0x00007ffa3bce0000 - 0x00007ffa3bcea000 	C:\WINDOWS\SYSTEM32\VERSION.dll
0x00007ffa36770000 - 0x00007ffa36797000 	C:\WINDOWS\SYSTEM32\WINMM.dll
0x00007ffa403c0000 - 0x00007ffa403d2000 	C:\WINDOWS\SYSTEM32\kernel.appcore.dll
0x00007ffa38ad0000 - 0x00007ffa38ada000 	C:\Users\ibrahim\.jdks\openjdk-15.0.2\bin\jimage.dll
0x00007ffa388a0000 - 0x00007ffa38a84000 	C:\WINDOWS\SYSTEM32\DBGHELP.DLL
0x00007ffa38860000 - 0x00007ffa38895000 	C:\WINDOWS\SYSTEM32\dbgcore.DLL
0x00007ffa421f0000 - 0x00007ffa42272000 	C:\WINDOWS\System32\bcryptPrimitives.dll
0x00007ffa37a10000 - 0x00007ffa37a1e000 	C:\Users\ibrahim\.jdks\openjdk-15.0.2\bin\instrument.dll
0x00007ffa34700000 - 0x00007ffa34725000 	C:\Users\ibrahim\.jdks\openjdk-15.0.2\bin\java.dll
0x00007ffa42980000 - 0x00007ffa430c5000 	C:\WINDOWS\System32\SHELL32.dll
0x00007ffa3fc20000 - 0x00007ffa403b2000 	C:\WINDOWS\SYSTEM32\windows.storage.dll
0x00007ffa43770000 - 0x00007ffa43ac5000 	C:\WINDOWS\System32\combase.dll
0x00007ffa415e0000 - 0x00007ffa41610000 	C:\WINDOWS\SYSTEM32\Wldp.dll
0x00007ffa43bb0000 - 0x00007ffa43c5d000 	C:\WINDOWS\System32\SHCORE.dll
0x00007ffa427b0000 - 0x00007ffa42805000 	C:\WINDOWS\System32\shlwapi.dll
0x00007ffa41bd0000 - 0x00007ffa41bef000 	C:\WINDOWS\SYSTEM32\profapi.dll
0x00007ffa379f0000 - 0x00007ffa37a08000 	C:\Users\ibrahim\.jdks\openjdk-15.0.2\bin\zip.dll
0x00007ffa346e0000 - 0x00007ffa346f9000 	C:\Users\ibrahim\.jdks\openjdk-15.0.2\bin\net.dll
0x00007ffa38b40000 - 0x00007ffa38c4a000 	C:\WINDOWS\SYSTEM32\WINHTTP.dll
0x00007ffa41340000 - 0x00007ffa413aa000 	C:\WINDOWS\system32\mswsock.dll
0x00007ffa345a0000 - 0x00007ffa345b2000 	C:\Users\ibrahim\.jdks\openjdk-15.0.2\bin\nio.dll
0x00007ffa2cd60000 - 0x00007ffa2cd7a000 	C:\Program Files\JetBrains\IntelliJ IDEA Community Edition 2020.3.1\bin\breakgen64.dll
0x00007ffa35020000 - 0x00007ffa35030000 	C:\Users\ibrahim\.jdks\openjdk-15.0.2\bin\verify.dll
0x00007ffa41530000 - 0x00007ffa41548000 	C:\WINDOWS\SYSTEM32\CRYPTSP.dll
0x00007ffa40bf0000 - 0x00007ffa40c24000 	C:\WINDOWS\system32\rsaenh.dll
0x00007ffa425b0000 - 0x00007ffa425d7000 	C:\WINDOWS\System32\bcrypt.dll
0x00007ffa41b90000 - 0x00007ffa41bbe000 	C:\WINDOWS\SYSTEM32\USERENV.dll
0x00007ffa41550000 - 0x00007ffa4155c000 	C:\WINDOWS\SYSTEM32\CRYPTBASE.dll
0x00007ffa40fe0000 - 0x00007ffa4101b000 	C:\WINDOWS\SYSTEM32\IPHLPAPI.DLL
0x00007ffa43d40000 - 0x00007ffa43d48000 	C:\WINDOWS\System32\NSI.dll
0x00007ffa392c0000 - 0x00007ffa392d7000 	C:\WINDOWS\SYSTEM32\dhcpcsvc6.DLL
0x00007ffa39400000 - 0x00007ffa3941d000 	C:\WINDOWS\SYSTEM32\dhcpcsvc.DLL
0x00007ffa41030000 - 0x00007ffa410fb000 	C:\WINDOWS\SYSTEM32\DNSAPI.dll
0x00007ffa34800000 - 0x00007ffa3480a000 	C:\Users\ibrahim\AppData\Local\Temp\jansi-1.17.1-12013640697817383710.dll
0x00007ffa34670000 - 0x00007ffa3467a000 	C:\Users\ibrahim\AppData\Local\Temp\jansi-1.17.1-16874854968047961577.dll

dbghelp: loaded successfully - version: 4.0.5 - missing functions: none
symbol engine: initialized successfully - sym options: 0x614 - pdb path: .;C:\Users\ibrahim\.jdks\openjdk-15.0.2\bin;C:\WINDOWS\SYSTEM32;C:\WINDOWS\WinSxS\amd64_microsoft.windows.common-controls_6595b64144ccf1df_6.0.19041.1110_none_60b5254171f9507e;C:\Users\ibrahim\.jdks\openjdk-15.0.2\bin\server;C:\Program Files\JetBrains\IntelliJ IDEA Community Edition 2020.3.1\bin;C:\Users\ibrahim\AppData\Local\Temp

VM Arguments:
jvm_args: -Dmaven.multiModuleProjectDirectory=C:\Users\ibrahim\Downloads\LeasePlan - assignment_v2\leaseplan-example -Dmaven.home=C:\Program Files\JetBrains\IntelliJ IDEA Community Edition 2020.3.1\plugins\maven\lib\maven3 -Dclassworlds.conf=C:\Program Files\JetBrains\IntelliJ IDEA Community Edition 2020.3.1\plugins\maven\lib\maven3\bin\m2.conf -Dmaven.ext.class.path=C:\Program Files\JetBrains\IntelliJ IDEA Community Edition 2020.3.1\plugins\maven\lib\maven-event-listener.jar -javaagent:C:\Program Files\JetBrains\IntelliJ IDEA Community Edition 2020.3.1\lib\idea_rt.jar=59406:C:\Program Files\JetBrains\IntelliJ IDEA Community Edition 2020.3.1\bin -Dfile.encoding=UTF-8 
java_command: org.codehaus.classworlds.Launcher -Didea.version=2020.3.2 test
java_class_path (initial): C:\Program Files\JetBrains\IntelliJ IDEA Community Edition 2020.3.1\plugins\maven\lib\maven3\boot\plexus-classworlds-2.6.0.jar;C:\Program Files\JetBrains\IntelliJ IDEA Community Edition 2020.3.1\plugins\maven\lib\maven3\boot\plexus-classworlds.license
Launcher Type: SUN_STANDARD

[Global flags]
     intx CICompilerCount                          = 3                                         {product} {ergonomic}
     uint ConcGCThreads                            = 1                                         {product} {ergonomic}
     uint G1ConcRefinementThreads                  = 4                                         {product} {ergonomic}
   size_t G1HeapRegionSize                         = 1048576                                   {product} {ergonomic}
    uintx GCDrainStackTargetSize                   = 64                                        {product} {ergonomic}
   size_t InitialHeapSize                          = 67108864                                  {product} {ergonomic}
   size_t MarkStackSize                            = 4194304                                   {product} {ergonomic}
   size_t MaxHeapSize                              = 1054867456                                {product} {ergonomic}
   size_t MaxNewSize                               = 632291328                                 {product} {ergonomic}
   size_t MinHeapDeltaBytes                        = 1048576                                   {product} {ergonomic}
   size_t MinHeapSize                              = 8388608                                   {product} {ergonomic}
    uintx NonNMethodCodeHeapSize                   = 5832780                                {pd product} {ergonomic}
    uintx NonProfiledCodeHeapSize                  = 122912730                              {pd product} {ergonomic}
    uintx ProfiledCodeHeapSize                     = 122912730                              {pd product} {ergonomic}
    uintx ReservedCodeCacheSize                    = 251658240                              {pd product} {ergonomic}
     bool SegmentedCodeCache                       = true                                      {product} {ergonomic}
   size_t SoftMaxHeapSize                          = 1054867456                             {manageable} {ergonomic}
     bool UseCompressedClassPointers               = true                                 {lp64_product} {ergonomic}
     bool UseCompressedOops                        = true                                 {lp64_product} {ergonomic}
     bool UseG1GC                                  = true                                      {product} {ergonomic}
     bool UseLargePagesIndividualAllocation        = false                                  {pd product} {ergonomic}

Logging:
Log output configuration:
 #0: stdout all=warning uptime,level,tags
 #1: stderr all=off uptime,level,tags

Environment Variables:
PATH=C:\Program Files (x86)\Common Files\Oracle\Java\javapath;C:\WINDOWS\system32;C:\WINDOWS;C:\WINDOWS\System32\Wbem;C:\WINDOWS\System32\WindowsPowerShell\v1.0\;C:\WINDOWS\System32\OpenSSH\;C:\Program Files (x86)\Git\cmd;C:\Program Files\nodejs\;C:\Users\ibrahim\.jdks\openjdk-15.0.2\bin;C:\Program Files (x86)\PuTTY\;C:\Users\ibrahim\AppData\Local\Microsoft\WindowsApps;;C:\Users\ibrahim\AppData\Local\Programs\Fiddler;C:\Users\ibrahim\AppData\Local\Microsoft\WindowsApps;C:\Program Files (x86)\Sophos\Sophos SSL VPN Client\bin;C:\Users\ibrahim\AppData\Roaming\npm;C:\Users\ibrahim\AppData\Local\Programs\Microsoft VS Code\bin
USERNAME=ibrahim
OS=Windows_NT
PROCESSOR_IDENTIFIER=Intel64 Family 6 Model 69 Stepping 1, GenuineIntel



---------------  S Y S T E M  ---------------

OS:
 Windows 10 , 64 bit Build 19041 (10.0.19041.2546)
OS uptime: 16 days 21:51 hours

CPU: total 4 (initial active 4) (2 cores per cpu, 2 threads per core) family 6 model 69 stepping 1 microcode 0x25, cmov, cx8, fxsr, mmx, sse, sse2, sse3, ssse3, sse4.1, sse4.2, popcnt, vzeroupper, avx, avx2, aes, clmul, erms, lzcnt, ht, tsc, tscinvbit, bmi1, bmi2, fma, clflush

Memory: 4k page, system-wide physical 4017M (141M free)
TotalPageFile size 16305M (AvailPageFile size 0M)
current process WorkingSet (physical memory assigned to process): 91M, peak: 124M
current process commit charge ("private bytes"): 184M, peak: 193M

vm_info: OpenJDK 64-Bit Server VM (15.0.2+7-27) for windows-amd64 JRE (15.0.2+7-27), built on Dec  7 2020 20:02:38 by "mach5one" with unknown MS VC++:1925

END.
